<?xml version="1.0" encoding="UTF-8"?>
<!-- Generated by org.testng.reporters.JUnitReportReporter -->
<testsuite hostname="LTIN182137" failures="0" tests="1" name="testCases.TC_01_UserInfoValidation" time="0.870" errors="0" timestamp="2024-03-12T22:00:27 IST" skipped="0">
  <testcase classname="testCases.TC_01_UserInfoValidation" name="validatingInfo" time="0.870"/>
</testsuite> <!-- testCases.TC_01_UserInfoValidation -->
