<?xml version="1.0" encoding="UTF-8"?>
<!-- Generated by org.testng.reporters.JUnitReportReporter -->
<testsuite hostname="LTIN182137" failures="0" tests="1" name="testCases.TC_05_ShareValidation" time="76.268" errors="0" timestamp="2024-03-14T09:24:28 IST" skipped="0">
  <testcase classname="testCases.TC_05_ShareValidation" name="validatingShare" time="76.268"/>
</testsuite> <!-- testCases.TC_05_ShareValidation -->
