<?xml version="1.0" encoding="UTF-8"?>
<!-- Generated by org.testng.reporters.JUnitReportReporter -->
<testsuite hostname="LTIN182137" failures="0" tests="1" name="testCases.TC_07_LinksValidation" time="95.714" errors="0" timestamp="2024-03-14T01:33:35 IST" skipped="0">
  <testcase classname="testCases.TC_07_LinksValidation" name="validateLink" time="95.714"/>
</testsuite> <!-- testCases.TC_07_LinksValidation -->
