<?xml version="1.0" encoding="UTF-8"?>
<!-- Generated by org.testng.reporters.JUnitReportReporter -->
<testsuite hostname="LTIN182137" failures="0" tests="1" name="testCases.TC_01_UserInfoCapture" time="25.404" errors="0" timestamp="2024-03-14T09:24:28 IST" skipped="0">
  <testcase classname="testCases.TC_01_UserInfoCapture" name="validatingInfo" time="25.404"/>
</testsuite> <!-- testCases.TC_01_UserInfoCapture -->
